[     128ms] [INFO] %cDownload the React DevTools for a better development experience: https://react.dev/link/react-devtools font-weight:bold @ http://localhost:5173/node_modules/.vite/deps/react-dom_client.js?v=0bc8938d:14336
[     471ms] [WARNING] WebSocket connection to 'ws://localhost:5173/ws' failed: WebSocket is closed before the connection is established. @ http://localhost:5173/src/hooks/useBot.ts:157
[     473ms] [ERROR] Failed to load resource: the server responded with a status of 502 (Bad Gateway) @ http://localhost:5173/api/pnl-history:0
[     474ms] [ERROR] Failed to load resource: the server responded with a status of 502 (Bad Gateway) @ http://localhost:5173/api/pnl-history:0
[     486ms] [ERROR] WebSocket connection to 'ws://localhost:5173/ws' failed: Connection closed before receiving a handshake response @ http://localhost:5173/src/hooks/useBot.ts:112
[    1489ms] [ERROR] WebSocket connection to 'ws://localhost:5173/ws' failed: Connection closed before receiving a handshake response @ http://localhost:5173/src/hooks/useBot.ts:112
[    3494ms] [ERROR] WebSocket connection to 'ws://localhost:5173/ws' failed: Connection closed before receiving a handshake response @ http://localhost:5173/src/hooks/useBot.ts:112
[    7497ms] [ERROR] WebSocket connection to 'ws://localhost:5173/ws' failed: Connection closed before receiving a handshake response @ http://localhost:5173/src/hooks/useBot.ts:112
[   15502ms] [ERROR] WebSocket connection to 'ws://localhost:5173/ws' failed: Connection closed before receiving a handshake response @ http://localhost:5173/src/hooks/useBot.ts:112
[   25509ms] [ERROR] WebSocket connection to 'ws://localhost:5173/ws' failed: Connection closed before receiving a handshake response @ http://localhost:5173/src/hooks/useBot.ts:112
[   35515ms] [ERROR] WebSocket connection to 'ws://localhost:5173/ws' failed: Connection closed before receiving a handshake response @ http://localhost:5173/src/hooks/useBot.ts:112
[   45524ms] [ERROR] WebSocket connection to 'ws://localhost:5173/ws' failed: Connection closed before receiving a handshake response @ http://localhost:5173/src/hooks/useBot.ts:112
[   55529ms] [ERROR] WebSocket connection to 'ws://localhost:5173/ws' failed: Connection closed before receiving a handshake response @ http://localhost:5173/src/hooks/useBot.ts:112
[   65538ms] [ERROR] WebSocket connection to 'ws://localhost:5173/ws' failed: Connection closed before receiving a handshake response @ http://localhost:5173/src/hooks/useBot.ts:112
[   75548ms] [ERROR] WebSocket connection to 'ws://localhost:5173/ws' failed: Connection closed before receiving a handshake response @ http://localhost:5173/src/hooks/useBot.ts:112
[   85564ms] [ERROR] WebSocket connection to 'ws://localhost:5173/ws' failed: Connection closed before receiving a handshake response @ http://localhost:5173/src/hooks/useBot.ts:112
[   95584ms] [ERROR] WebSocket connection to 'ws://localhost:5173/ws' failed: Connection closed before receiving a handshake response @ http://localhost:5173/src/hooks/useBot.ts:112
[  105611ms] [ERROR] WebSocket connection to 'ws://localhost:5173/ws' failed: Connection closed before receiving a handshake response @ http://localhost:5173/src/hooks/useBot.ts:112
[  115628ms] [ERROR] WebSocket connection to 'ws://localhost:5173/ws' failed: Connection closed before receiving a handshake response @ http://localhost:5173/src/hooks/useBot.ts:112
[  125663ms] [ERROR] WebSocket connection to 'ws://localhost:5173/ws' failed: Connection closed before receiving a handshake response @ http://localhost:5173/src/hooks/useBot.ts:112
[  135684ms] [ERROR] WebSocket connection to 'ws://localhost:5173/ws' failed: Connection closed before receiving a handshake response @ http://localhost:5173/src/hooks/useBot.ts:112
[  145730ms] [ERROR] WebSocket connection to 'ws://localhost:5173/ws' failed: Connection closed before receiving a handshake response @ http://localhost:5173/src/hooks/useBot.ts:112
[  155780ms] [ERROR] WebSocket connection to 'ws://localhost:5173/ws' failed: Connection closed before receiving a handshake response @ http://localhost:5173/src/hooks/useBot.ts:112
[  165934ms] [ERROR] WebSocket connection to 'ws://localhost:5173/ws' failed: Connection closed before receiving a handshake response @ http://localhost:5173/src/hooks/useBot.ts:112
[  176009ms] [ERROR] WebSocket connection to 'ws://localhost:5173/ws' failed: Connection closed before receiving a handshake response @ http://localhost:5173/src/hooks/useBot.ts:112
[  186239ms] [ERROR] WebSocket connection to 'ws://localhost:5173/ws' failed: Connection closed before receiving a handshake response @ http://localhost:5173/src/hooks/useBot.ts:112
[  196514ms] [ERROR] WebSocket connection to 'ws://localhost:5173/ws' failed: Connection closed before receiving a handshake response @ http://localhost:5173/src/hooks/useBot.ts:112
[  207013ms] [ERROR] WebSocket connection to 'ws://localhost:5173/ws' failed: Connection closed before receiving a handshake response @ http://localhost:5173/src/hooks/useBot.ts:112
[  217163ms] [ERROR] WebSocket connection to 'ws://localhost:5173/ws' failed: Connection closed before receiving a handshake response @ http://localhost:5173/src/hooks/useBot.ts:112
[  228056ms] [ERROR] WebSocket connection to 'ws://localhost:5173/ws' failed: Connection closed before receiving a handshake response @ http://localhost:5173/src/hooks/useBot.ts:112
[  238462ms] [ERROR] WebSocket connection to 'ws://localhost:5173/ws' failed: Connection closed before receiving a handshake response @ http://localhost:5173/src/hooks/useBot.ts:112
[  248468ms] [ERROR] WebSocket connection to 'ws://localhost:5173/ws' failed: Connection closed before receiving a handshake response @ http://localhost:5173/src/hooks/useBot.ts:112
[  258473ms] [ERROR] WebSocket connection to 'ws://localhost:5173/ws' failed: Connection closed before receiving a handshake response @ http://localhost:5173/src/hooks/useBot.ts:112
[  268480ms] [ERROR] WebSocket connection to 'ws://localhost:5173/ws' failed: Connection closed before receiving a handshake response @ http://localhost:5173/src/hooks/useBot.ts:112
[  278487ms] [ERROR] WebSocket connection to 'ws://localhost:5173/ws' failed: Connection closed before receiving a handshake response @ http://localhost:5173/src/hooks/useBot.ts:112
[  288494ms] [ERROR] WebSocket connection to 'ws://localhost:5173/ws' failed: Connection closed before receiving a handshake response @ http://localhost:5173/src/hooks/useBot.ts:112
[  298502ms] [ERROR] WebSocket connection to 'ws://localhost:5173/ws' failed: Connection closed before receiving a handshake response @ http://localhost:5173/src/hooks/useBot.ts:112
[  308512ms] [ERROR] WebSocket connection to 'ws://localhost:5173/ws' failed: Connection closed before receiving a handshake response @ http://localhost:5173/src/hooks/useBot.ts:112
[  318526ms] [ERROR] WebSocket connection to 'ws://localhost:5173/ws' failed: Connection closed before receiving a handshake response @ http://localhost:5173/src/hooks/useBot.ts:112
[  328561ms] [ERROR] WebSocket connection to 'ws://localhost:5173/ws' failed: Connection closed before receiving a handshake response @ http://localhost:5173/src/hooks/useBot.ts:112
[  338602ms] [ERROR] WebSocket connection to 'ws://localhost:5173/ws' failed: Connection closed before receiving a handshake response @ http://localhost:5173/src/hooks/useBot.ts:112
[  348671ms] [ERROR] WebSocket connection to 'ws://localhost:5173/ws' failed: Connection closed before receiving a handshake response @ http://localhost:5173/src/hooks/useBot.ts:112
[  358760ms] [ERROR] WebSocket connection to 'ws://localhost:5173/ws' failed: Connection closed before receiving a handshake response @ http://localhost:5173/src/hooks/useBot.ts:112
[  368766ms] [ERROR] WebSocket connection to 'ws://localhost:5173/ws' failed: Connection closed before receiving a handshake response @ http://localhost:5173/src/hooks/useBot.ts:112
[  378771ms] [ERROR] WebSocket connection to 'ws://localhost:5173/ws' failed: Connection closed before receiving a handshake response @ http://localhost:5173/src/hooks/useBot.ts:112
[  388777ms] [ERROR] WebSocket connection to 'ws://localhost:5173/ws' failed: Connection closed before receiving a handshake response @ http://localhost:5173/src/hooks/useBot.ts:112
[  398783ms] [ERROR] WebSocket connection to 'ws://localhost:5173/ws' failed: Connection closed before receiving a handshake response @ http://localhost:5173/src/hooks/useBot.ts:112
[  408789ms] [ERROR] WebSocket connection to 'ws://localhost:5173/ws' failed: Connection closed before receiving a handshake response @ http://localhost:5173/src/hooks/useBot.ts:112
[  418799ms] [ERROR] WebSocket connection to 'ws://localhost:5173/ws' failed: Connection closed before receiving a handshake response @ http://localhost:5173/src/hooks/useBot.ts:112
[  428815ms] [ERROR] WebSocket connection to 'ws://localhost:5173/ws' failed: Connection closed before receiving a handshake response @ http://localhost:5173/src/hooks/useBot.ts:112
[  438833ms] [ERROR] WebSocket connection to 'ws://localhost:5173/ws' failed: Connection closed before receiving a handshake response @ http://localhost:5173/src/hooks/useBot.ts:112
[  448847ms] [ERROR] WebSocket connection to 'ws://localhost:5173/ws' failed: Connection closed before receiving a handshake response @ http://localhost:5173/src/hooks/useBot.ts:112
[  458868ms] [ERROR] WebSocket connection to 'ws://localhost:5173/ws' failed: Connection closed before receiving a handshake response @ http://localhost:5173/src/hooks/useBot.ts:112
[  468920ms] [ERROR] WebSocket connection to 'ws://localhost:5173/ws' failed: Connection closed before receiving a handshake response @ http://localhost:5173/src/hooks/useBot.ts:112
[  479223ms] [ERROR] WebSocket connection to 'ws://localhost:5173/ws' failed: Connection closed before receiving a handshake response @ http://localhost:5173/src/hooks/useBot.ts:112
[  489228ms] [ERROR] WebSocket connection to 'ws://localhost:5173/ws' failed: Connection closed before receiving a handshake response @ http://localhost:5173/src/hooks/useBot.ts:112
[  499232ms] [ERROR] WebSocket connection to 'ws://localhost:5173/ws' failed: Connection closed before receiving a handshake response @ http://localhost:5173/src/hooks/useBot.ts:112
[  509236ms] [ERROR] WebSocket connection to 'ws://localhost:5173/ws' failed: Connection closed before receiving a handshake response @ http://localhost:5173/src/hooks/useBot.ts:112
[  519244ms] [ERROR] WebSocket connection to 'ws://localhost:5173/ws' failed: Connection closed before receiving a handshake response @ http://localhost:5173/src/hooks/useBot.ts:112
[  529252ms] [ERROR] WebSocket connection to 'ws://localhost:5173/ws' failed: Connection closed before receiving a handshake response @ http://localhost:5173/src/hooks/useBot.ts:112
[  539261ms] [ERROR] WebSocket connection to 'ws://localhost:5173/ws' failed: Connection closed before receiving a handshake response @ http://localhost:5173/src/hooks/useBot.ts:112
[  549271ms] [ERROR] WebSocket connection to 'ws://localhost:5173/ws' failed: Connection closed before receiving a handshake response @ http://localhost:5173/src/hooks/useBot.ts:112
[  559284ms] [ERROR] WebSocket connection to 'ws://localhost:5173/ws' failed: Connection closed before receiving a handshake response @ http://localhost:5173/src/hooks/useBot.ts:112
[  569317ms] [ERROR] WebSocket connection to 'ws://localhost:5173/ws' failed: Connection closed before receiving a handshake response @ http://localhost:5173/src/hooks/useBot.ts:112
[  579389ms] [ERROR] WebSocket connection to 'ws://localhost:5173/ws' failed: Connection closed before receiving a handshake response @ http://localhost:5173/src/hooks/useBot.ts:112
[  589470ms] [ERROR] WebSocket connection to 'ws://localhost:5173/ws' failed: Connection closed before receiving a handshake response @ http://localhost:5173/src/hooks/useBot.ts:112
[  599731ms] [ERROR] WebSocket connection to 'ws://localhost:5173/ws' failed: Connection closed before receiving a handshake response @ http://localhost:5173/src/hooks/useBot.ts:112
[  609737ms] [ERROR] WebSocket connection to 'ws://localhost:5173/ws' failed: Connection closed before receiving a handshake response @ http://localhost:5173/src/hooks/useBot.ts:112
[  619742ms] [ERROR] WebSocket connection to 'ws://localhost:5173/ws' failed: Connection closed before receiving a handshake response @ http://localhost:5173/src/hooks/useBot.ts:112
[  629747ms] [ERROR] WebSocket connection to 'ws://localhost:5173/ws' failed: Connection closed before receiving a handshake response @ http://localhost:5173/src/hooks/useBot.ts:112
[  639751ms] [ERROR] WebSocket connection to 'ws://localhost:5173/ws' failed: Connection closed before receiving a handshake response @ http://localhost:5173/src/hooks/useBot.ts:112
[  649757ms] [ERROR] WebSocket connection to 'ws://localhost:5173/ws' failed: Connection closed before receiving a handshake response @ http://localhost:5173/src/hooks/useBot.ts:112
[  659766ms] [ERROR] WebSocket connection to 'ws://localhost:5173/ws' failed: Connection closed before receiving a handshake response @ http://localhost:5173/src/hooks/useBot.ts:112
[  669773ms] [ERROR] WebSocket connection to 'ws://localhost:5173/ws' failed: Connection closed before receiving a handshake response @ http://localhost:5173/src/hooks/useBot.ts:112
[  679788ms] [ERROR] WebSocket connection to 'ws://localhost:5173/ws' failed: Connection closed before receiving a handshake response @ http://localhost:5173/src/hooks/useBot.ts:112
[  689828ms] [ERROR] WebSocket connection to 'ws://localhost:5173/ws' failed: Connection closed before receiving a handshake response @ http://localhost:5173/src/hooks/useBot.ts:112
[  699912ms] [ERROR] WebSocket connection to 'ws://localhost:5173/ws' failed: Connection closed before receiving a handshake response @ http://localhost:5173/src/hooks/useBot.ts:112
[  710058ms] [ERROR] WebSocket connection to 'ws://localhost:5173/ws' failed: Connection closed before receiving a handshake response @ http://localhost:5173/src/hooks/useBot.ts:112
[  720237ms] [ERROR] WebSocket connection to 'ws://localhost:5173/ws' failed: Connection closed before receiving a handshake response @ http://localhost:5173/src/hooks/useBot.ts:112
[  730243ms] [ERROR] WebSocket connection to 'ws://localhost:5173/ws' failed: Connection closed before receiving a handshake response @ http://localhost:5173/src/hooks/useBot.ts:112
[  740248ms] [ERROR] WebSocket connection to 'ws://localhost:5173/ws' failed: Connection closed before receiving a handshake response @ http://localhost:5173/src/hooks/useBot.ts:112
[  750253ms] [ERROR] WebSocket connection to 'ws://localhost:5173/ws' failed: Connection closed before receiving a handshake response @ http://localhost:5173/src/hooks/useBot.ts:112
[  760258ms] [ERROR] WebSocket connection to 'ws://localhost:5173/ws' failed: Connection closed before receiving a handshake response @ http://localhost:5173/src/hooks/useBot.ts:112
[  770265ms] [ERROR] WebSocket connection to 'ws://localhost:5173/ws' failed: Connection closed before receiving a handshake response @ http://localhost:5173/src/hooks/useBot.ts:112
[  780277ms] [ERROR] WebSocket connection to 'ws://localhost:5173/ws' failed: Connection closed before receiving a handshake response @ http://localhost:5173/src/hooks/useBot.ts:112
[  790292ms] [ERROR] WebSocket connection to 'ws://localhost:5173/ws' failed: Connection closed before receiving a handshake response @ http://localhost:5173/src/hooks/useBot.ts:112
[  800312ms] [ERROR] WebSocket connection to 'ws://localhost:5173/ws' failed: Connection closed before receiving a handshake response @ http://localhost:5173/src/hooks/useBot.ts:112
[  810347ms] [ERROR] WebSocket connection to 'ws://localhost:5173/ws' failed: Connection closed before receiving a handshake response @ http://localhost:5173/src/hooks/useBot.ts:112
[  820413ms] [ERROR] WebSocket connection to 'ws://localhost:5173/ws' failed: Connection closed before receiving a handshake response @ http://localhost:5173/src/hooks/useBot.ts:112
[  830545ms] [ERROR] WebSocket connection to 'ws://localhost:5173/ws' failed: Connection closed before receiving a handshake response @ http://localhost:5173/src/hooks/useBot.ts:112
[  840850ms] [ERROR] WebSocket connection to 'ws://localhost:5173/ws' failed: Connection closed before receiving a handshake response @ http://localhost:5173/src/hooks/useBot.ts:112
[  850854ms] [ERROR] WebSocket connection to 'ws://localhost:5173/ws' failed: Connection closed before receiving a handshake response @ http://localhost:5173/src/hooks/useBot.ts:112
[  860859ms] [ERROR] WebSocket connection to 'ws://localhost:5173/ws' failed: Connection closed before receiving a handshake response @ http://localhost:5173/src/hooks/useBot.ts:112
[  870867ms] [ERROR] WebSocket connection to 'ws://localhost:5173/ws' failed: Connection closed before receiving a handshake response @ http://localhost:5173/src/hooks/useBot.ts:112
[  880871ms] [ERROR] WebSocket connection to 'ws://localhost:5173/ws' failed: Connection closed before receiving a handshake response @ http://localhost:5173/src/hooks/useBot.ts:112
[  890876ms] [ERROR] WebSocket connection to 'ws://localhost:5173/ws' failed: Connection closed before receiving a handshake response @ http://localhost:5173/src/hooks/useBot.ts:112
[  900887ms] [ERROR] WebSocket connection to 'ws://localhost:5173/ws' failed: Connection closed before receiving a handshake response @ http://localhost:5173/src/hooks/useBot.ts:112
[  910899ms] [ERROR] WebSocket connection to 'ws://localhost:5173/ws' failed: Connection closed before receiving a handshake response @ http://localhost:5173/src/hooks/useBot.ts:112
[  920927ms] [ERROR] WebSocket connection to 'ws://localhost:5173/ws' failed: Connection closed before receiving a handshake response @ http://localhost:5173/src/hooks/useBot.ts:112
[  930968ms] [ERROR] WebSocket connection to 'ws://localhost:5173/ws' failed: Connection closed before receiving a handshake response @ http://localhost:5173/src/hooks/useBot.ts:112
[  941050ms] [ERROR] WebSocket connection to 'ws://localhost:5173/ws' failed: Connection closed before receiving a handshake response @ http://localhost:5173/src/hooks/useBot.ts:112
[  951176ms] [ERROR] WebSocket connection to 'ws://localhost:5173/ws' failed: Connection closed before receiving a handshake response @ http://localhost:5173/src/hooks/useBot.ts:112
[  961330ms] [ERROR] WebSocket connection to 'ws://localhost:5173/ws' failed: Connection closed before receiving a handshake response @ http://localhost:5173/src/hooks/useBot.ts:112
[  971337ms] [ERROR] WebSocket connection to 'ws://localhost:5173/ws' failed: Connection closed before receiving a handshake response @ http://localhost:5173/src/hooks/useBot.ts:112
[  981341ms] [ERROR] WebSocket connection to 'ws://localhost:5173/ws' failed: Connection closed before receiving a handshake response @ http://localhost:5173/src/hooks/useBot.ts:112
[  991347ms] [ERROR] WebSocket connection to 'ws://localhost:5173/ws' failed: Connection closed before receiving a handshake response @ http://localhost:5173/src/hooks/useBot.ts:112
[ 1001354ms] [ERROR] WebSocket connection to 'ws://localhost:5173/ws' failed: Connection closed before receiving a handshake response @ http://localhost:5173/src/hooks/useBot.ts:112
[ 1011363ms] [ERROR] WebSocket connection to 'ws://localhost:5173/ws' failed: Connection closed before receiving a handshake response @ http://localhost:5173/src/hooks/useBot.ts:112
[ 1021371ms] [ERROR] WebSocket connection to 'ws://localhost:5173/ws' failed: Connection closed before receiving a handshake response @ http://localhost:5173/src/hooks/useBot.ts:112
[ 1031381ms] [ERROR] WebSocket connection to 'ws://localhost:5173/ws' failed: Connection closed before receiving a handshake response @ http://localhost:5173/src/hooks/useBot.ts:112
[ 1041393ms] [ERROR] WebSocket connection to 'ws://localhost:5173/ws' failed: Connection closed before receiving a handshake response @ http://localhost:5173/src/hooks/useBot.ts:112
[ 1051421ms] [ERROR] WebSocket connection to 'ws://localhost:5173/ws' failed: Connection closed before receiving a handshake response @ http://localhost:5173/src/hooks/useBot.ts:112
[ 1061459ms] [ERROR] WebSocket connection to 'ws://localhost:5173/ws' failed: Connection closed before receiving a handshake response @ http://localhost:5173/src/hooks/useBot.ts:112
[ 1071544ms] [ERROR] WebSocket connection to 'ws://localhost:5173/ws' failed: Connection closed before receiving a handshake response @ http://localhost:5173/src/hooks/useBot.ts:112
[ 1081672ms] [ERROR] WebSocket connection to 'ws://localhost:5173/ws' failed: Connection closed before receiving a handshake response @ http://localhost:5173/src/hooks/useBot.ts:112
[ 1091676ms] [ERROR] WebSocket connection to 'ws://localhost:5173/ws' failed: Connection closed before receiving a handshake response @ http://localhost:5173/src/hooks/useBot.ts:112
[ 1101682ms] [ERROR] WebSocket connection to 'ws://localhost:5173/ws' failed: Connection closed before receiving a handshake response @ http://localhost:5173/src/hooks/useBot.ts:112
[ 1111699ms] [ERROR] WebSocket connection to 'ws://localhost:5173/ws' failed: Connection closed before receiving a handshake response @ http://localhost:5173/src/hooks/useBot.ts:112
[ 1121704ms] [ERROR] WebSocket connection to 'ws://localhost:5173/ws' failed: Connection closed before receiving a handshake response @ http://localhost:5173/src/hooks/useBot.ts:112
[ 1131709ms] [ERROR] WebSocket connection to 'ws://localhost:5173/ws' failed: Connection closed before receiving a handshake response @ http://localhost:5173/src/hooks/useBot.ts:112
[ 1141736ms] [ERROR] WebSocket connection to 'ws://localhost:5173/ws' failed: Connection closed before receiving a handshake response @ http://localhost:5173/src/hooks/useBot.ts:112
[ 1151751ms] [ERROR] WebSocket connection to 'ws://localhost:5173/ws' failed: Connection closed before receiving a handshake response @ http://localhost:5173/src/hooks/useBot.ts:112
[ 1161769ms] [ERROR] WebSocket connection to 'ws://localhost:5173/ws' failed: Connection closed before receiving a handshake response @ http://localhost:5173/src/hooks/useBot.ts:112
[ 1171783ms] [ERROR] WebSocket connection to 'ws://localhost:5173/ws' failed: Connection closed before receiving a handshake response @ http://localhost:5173/src/hooks/useBot.ts:112
